Exception at PC 0x00007FF9E5E1CD29
Exception at PC 0x00007FF9E5E1CD29
Exception at PC 0x00007FF9E5E1CD29
Exception at PC 0x00007FF9E5E1CD29
Exception at PC 0x00007FF8FE31E132
Attemped to write at address 0x00007FF937804AA4
Printing stacktrace...

[0]  [0x00007FF8FE31E132]
[1]  [0x00007FF8FE31E132]
[2]  [0x00007FF8FE31E194]
[3]  [0x00007FF8FDF6D0D7]
[4]  [0x00007FF8FDE52BCA]
[5]  [0x00007FF8FDE52FD1]
[6]  [0x00007FF8FE31EB2F]
[7]  [0x00007FF8FE1DC19D]
[8]  [0x00007FF8FE1D5942]
[9]  [0x00007FF8FE1D5AB5]
[10] (RtlActivateActivationContextUnsafeFast+0x11d) [0x00007FF9E8409A1D]
[11] (LdrShutdownProcess+0x24c) [0x00007FF9E844DCEC]
[12] (RtlExitUserProcess+0xad) [0x00007FF9E844DA7D]
[13] (FatalExit+0xb) [0x00007FF9E796E86B]
[14] (exit+0x85) [0x00007FF9E744A155]
[15] (initterm_e+0x245) [0x00007FF9E744A7C5]
[16]  [0x00000000004014CD]
[17]  [0x000000000040151B]
[18] (BaseThreadInitThunk+0x14) [0x00007FF9E7967614]
[19] (RtlUserThreadStart+0x21) [0x00007FF9E84426A1]
Done
